<?xml version="1.0" encoding="UTF-8"?>
<!-- Generated by org.testng.reporters.JUnitReportReporter -->
<testsuite hostname="DineshGupta" failures="0" tests="1" name="com.testtng.FirstTestng" time="3.808" errors="0" timestamp="2022-04-03T18:03:04 IST" skipped="0">
  <testcase classname="com.testtng.FirstTestng" name="setup" time="3.808"/>
  <system-out/>
</testsuite> <!-- com.testtng.FirstTestng -->
